[01m[K/home/nkh/ROS2/CHAPT4/src/demo_cpp_service/src/turtle_control.cpp:[m[K In lambda function:
[01m[K/home/nkh/ROS2/CHAPT4/src/demo_cpp_service/src/turtle_control.cpp:42:21:[m[K [01;31m[Kerror: [m[Kexpected â€˜[01m[K;[m[Kâ€™ before â€˜[01m[Kif[m[Kâ€™
   42 |                     [01;31m[Kif[m[K(parameter.get_name()=="k")
      |                     [01;31m[K^~[m[K
gmake[2]: *** [CMakeFiles/turtle_control.dir/build.make:76ï¼šCMakeFiles/turtle_control.dir/src/turtle_control.cpp.o] é”™è¯¯ 1
gmake[1]: *** [CMakeFiles/Makefile2:139ï¼šCMakeFiles/turtle_control.dir/all] é”™è¯¯ 2
gmake: *** [Makefile:146ï¼šall] é”™è¯¯ 2
