[0.008s] Invoking command in '/home/nkh/ROS2/CHAPT2/cpp_1/chapt2_ws/build/demo_cpp_pkg': CMAKE_PREFIX_PATH=${CMAKE_PREFIX_PATH}:/opt/ros/humble /usr/bin/cmake --build /home/nkh/ROS2/CHAPT2/cpp_1/chapt2_ws/build/demo_cpp_pkg -- -j8 -l8
[0.052s] [35m[1mConsolidate compiler generated dependencies of target learn_thread[0m
[0.057s] [ 14%] Built target learn_shared_ptr
[0.057s] [ 28%] Built target learn_auto
[0.058s] [ 42%] Built target person_node
[0.058s] [ 57%] Built target learn_lambda
[0.059s] [ 71%] Built target cpp_node
[0.061s] [ 78%] [32mBuilding CXX object CMakeFiles/learn_thread.dir/src/learn_thread.cpp.o[0m
[0.065s] [ 92%] Built target learn_functional
[0.716s] [01m[K/home/nkh/ROS2/CHAPT2/cpp_1/chapt2_ws/src/demo_cpp_pkg/src/learn_thread.cpp:[m[K In member function â€˜[01m[Kvoid Download::download(const string&, const string&, const std::function<void(const std::__cxx11::basic_string<char>&, const std::__cxx11::basic_string<char>&)>&)[m[Kâ€™:
[0.716s] [01m[K/home/nkh/ROS2/CHAPT2/cpp_1/chapt2_ws/src/demo_cpp_pkg/src/learn_thread.cpp:15:21:[m[K [01;31m[Kerror: [m[Klvalue required as left operand of assignment
[0.716s]    15 |         if([01;31m[Kresponse && response->status[m[K=200){
[0.716s]       |            [01;31m[K~~~~~~~~~^~~~~~~~~~~~~~~~~~~[m[K
[0.812s] In file included from [01m[K/usr/include/c++/11/thread:43[m[K,
[0.812s]                  from [01m[K/home/nkh/ROS2/CHAPT2/cpp_1/chapt2_ws/src/demo_cpp_pkg/src/learn_thread.cpp:2[m[K:
[0.812s] /usr/include/c++/11/bits/std_thread.h: In instantiation of â€˜[01m[Kstd::thread::thread(_Callable&&, _Args&& ...) [with _Callable = const std::__cxx11::basic_string<char>&; _Args = {const std::__cxx11::basic_string<char, std::char_traits<char>, std::allocator<char> >&, const std::function<void(const std::__cxx11::basic_string<char, std::char_traits<char>, std::allocator<char> >&, const std::__cxx11::basic_string<char, std::char_traits<char>, std::allocator<char> >&)>&}; <template-parameter-1-3> = void][m[Kâ€™:
[0.812s] [01m[K/home/nkh/ROS2/CHAPT2/cpp_1/chapt2_ws/src/demo_cpp_pkg/src/learn_thread.cpp:22:57:[m[K   required from here
[0.812s] [01m[K/usr/include/c++/11/bits/std_thread.h:130:72:[m[K [01;31m[Kerror: [m[Kstatic assertion failed: std::thread arguments must be invocable after conversion to rvalues
[0.812s]   130 |                                       typename decay<_Args>::type...>::[01;31m[Kvalue[m[K,
[0.812s]       |                                                                        [01;31m[K^~~~~[m[K
[0.813s] [01m[K/usr/include/c++/11/bits/std_thread.h:130:72:[m[K [01;36m[Knote: [m[Kâ€˜[01m[Kstd::integral_constant<bool, false>::value[m[Kâ€™ evaluates to false
[0.816s] /usr/include/c++/11/bits/std_thread.h: In instantiation of â€˜[01m[Kstruct std::thread::_Invoker<std::tuple<std::__cxx11::basic_string<char, std::char_traits<char>, std::allocator<char> >, std::__cxx11::basic_string<char, std::char_traits<char>, std::allocator<char> >, std::function<void(const std::__cxx11::basic_string<char, std::char_traits<char>, std::allocator<char> >&, const std::__cxx11::basic_string<char, std::char_traits<char>, std::allocator<char> >&)> > >[m[Kâ€™:
[0.816s] [01m[K/usr/include/c++/11/bits/std_thread.h:203:13:[m[K   required from â€˜[01m[Kstruct std::thread::_State_impl<std::thread::_Invoker<std::tuple<std::__cxx11::basic_string<char, std::char_traits<char>, std::allocator<char> >, std::__cxx11::basic_string<char, std::char_traits<char>, std::allocator<char> >, std::function<void(const std::__cxx11::basic_string<char, std::char_traits<char>, std::allocator<char> >&, const std::__cxx11::basic_string<char, std::char_traits<char>, std::allocator<char> >&)> > > >[m[Kâ€™
[0.816s] [01m[K/usr/include/c++/11/bits/std_thread.h:143:29:[m[K   required from â€˜[01m[Kstd::thread::thread(_Callable&&, _Args&& ...) [with _Callable = const std::__cxx11::basic_string<char>&; _Args = {const std::__cxx11::basic_string<char, std::char_traits<char>, std::allocator<char> >&, const std::function<void(const std::__cxx11::basic_string<char, std::char_traits<char>, std::allocator<char> >&, const std::__cxx11::basic_string<char, std::char_traits<char>, std::allocator<char> >&)>&}; <template-parameter-1-3> = void][m[Kâ€™
[0.816s] [01m[K/home/nkh/ROS2/CHAPT2/cpp_1/chapt2_ws/src/demo_cpp_pkg/src/learn_thread.cpp:22:57:[m[K   required from here
[0.816s] [01m[K/usr/include/c++/11/bits/std_thread.h:258:11:[m[K [01;31m[Kerror: [m[Kno type named â€˜[01m[Ktype[m[Kâ€™ in â€˜[01m[Kstruct std::thread::_Invoker<std::tuple<std::__cxx11::basic_string<char, std::char_traits<char>, std::allocator<char> >, std::__cxx11::basic_string<char, std::char_traits<char>, std::allocator<char> >, std::function<void(const std::__cxx11::basic_string<char, std::char_traits<char>, std::allocator<char> >&, const std::__cxx11::basic_string<char, std::char_traits<char>, std::allocator<char> >&)> > >::__result<std::tuple<std::__cxx11::basic_string<char, std::char_traits<char>, std::allocator<char> >, std::__cxx11::basic_string<char, std::char_traits<char>, std::allocator<char> >, std::function<void(const std::__cxx11::basic_string<char, std::char_traits<char>, std::allocator<char> >&, const std::__cxx11::basic_string<char, std::char_traits<char>, std::allocator<char> >&)> > >[m[Kâ€™
[0.816s]   258 |           [01;31m[K_M_invoke[m[K(_Index_tuple<_Ind...>)
[0.816s]       |           [01;31m[K^~~~~~~~~[m[K
[0.816s] [01m[K/usr/include/c++/11/bits/std_thread.h:262:9:[m[K [01;31m[Kerror: [m[Kno type named â€˜[01m[Ktype[m[Kâ€™ in â€˜[01m[Kstruct std::thread::_Invoker<std::tuple<std::__cxx11::basic_string<char, std::char_traits<char>, std::allocator<char> >, std::__cxx11::basic_string<char, std::char_traits<char>, std::allocator<char> >, std::function<void(const std::__cxx11::basic_string<char, std::char_traits<char>, std::allocator<char> >&, const std::__cxx11::basic_string<char, std::char_traits<char>, std::allocator<char> >&)> > >::__result<std::tuple<std::__cxx11::basic_string<char, std::char_traits<char>, std::allocator<char> >, std::__cxx11::basic_string<char, std::char_traits<char>, std::allocator<char> >, std::function<void(const std::__cxx11::basic_string<char, std::char_traits<char>, std::allocator<char> >&, const std::__cxx11::basic_string<char, std::char_traits<char>, std::allocator<char> >&)> > >[m[Kâ€™
[0.816s]   262 |         [01;31m[Koperator[m[K()()
[0.817s]       |         [01;31m[K^~~~~~~~[m[K
[1.477s] gmake[2]: *** [CMakeFiles/learn_thread.dir/build.make:76ï¼šCMakeFiles/learn_thread.dir/src/learn_thread.cpp.o] é”™è¯¯ 1
[1.477s] gmake[1]: *** [CMakeFiles/Makefile2:305ï¼šCMakeFiles/learn_thread.dir/all] é”™è¯¯ 2
[1.478s] gmake: *** [Makefile:146ï¼šall] é”™è¯¯ 2
[1.480s] Invoked command in '/home/nkh/ROS2/CHAPT2/cpp_1/chapt2_ws/build/demo_cpp_pkg' returned '2': CMAKE_PREFIX_PATH=${CMAKE_PREFIX_PATH}:/opt/ros/humble /usr/bin/cmake --build /home/nkh/ROS2/CHAPT2/cpp_1/chapt2_ws/build/demo_cpp_pkg -- -j8 -l8
