[01m[K/home/nkh/ROS2/CHAPT5/src/demo_cpp_tf/src/tf_listener.cpp:[m[K In function â€˜[01m[Kint main(int, char**)[m[Kâ€™:
[01m[K/home/nkh/ROS2/CHAPT5/src/demo_cpp_tf/src/tf_listener.cpp:70:33:[m[K [01;31m[Kerror: [m[Kâ€˜[01m[KTFBoardcaster[m[Kâ€™ was not declared in this scope
   70 |     auto node =std::make_shared<[01;31m[KTFBoardcaster[m[K>();
      |                                 [01;31m[K^~~~~~~~~~~~~[m[K
[01m[K/home/nkh/ROS2/CHAPT5/src/demo_cpp_tf/src/tf_listener.cpp:70:47:[m[K [01;31m[Kerror: [m[Kno matching function for call to â€˜[01m[Kmake_shared<<expression error> >()[m[Kâ€™
   70 |     auto node =[01;31m[Kstd::make_shared<TFBoardcaster>()[m[K;
      |                [01;31m[K~~~~~~~~~~~~~~~~~~~~~~~~~~~~~~~^~[m[K
In file included from [01m[K/usr/include/c++/11/memory:77[m[K,
                 from [01m[K/home/nkh/ROS2/CHAPT5/src/demo_cpp_tf/src/tf_listener.cpp:1[m[K:
[01m[K/usr/include/c++/11/bits/shared_ptr.h:875:5:[m[K [01;36m[Knote: [m[Kcandidate: â€˜[01m[Ktemplate<class _Tp, class ... _Args> std::shared_ptr<_Tp> std::make_shared(_Args&& ...)[m[Kâ€™
  875 |     [01;36m[Kmake_shared[m[K(_Args&&... __args)
      |     [01;36m[K^~~~~~~~~~~[m[K
[01m[K/usr/include/c++/11/bits/shared_ptr.h:875:5:[m[K [01;36m[Knote: [m[K  template argument deduction/substitution failed:
[01m[K/home/nkh/ROS2/CHAPT5/src/demo_cpp_tf/src/tf_listener.cpp:70:47:[m[K [01;31m[Kerror: [m[Ktemplate argument 1 is invalid
   70 |     auto node =[01;31m[Kstd::make_shared<TFBoardcaster>()[m[K;
      |                [01;31m[K~~~~~~~~~~~~~~~~~~~~~~~~~~~~~~~^~[m[K
gmake[2]: *** [CMakeFiles/tf_listener.dir/build.make:76ï¼šCMakeFiles/tf_listener.dir/src/tf_listener.cpp.o] é”™è¯¯ 1
gmake[1]: *** [CMakeFiles/Makefile2:193ï¼šCMakeFiles/tf_listener.dir/all] é”™è¯¯ 2
gmake: *** [Makefile:146ï¼šall] é”™è¯¯ 2
