[0.009s] Invoking command in '/home/nkh/ROS2/CHAPT5/build/demo_cpp_tf': CMAKE_PREFIX_PATH=/opt/ros/humble /usr/bin/cmake --build /home/nkh/ROS2/CHAPT5/build/demo_cpp_tf -- -j8 -l8
[0.036s] -- Found ament_cmake: 1.3.12 (/opt/ros/humble/share/ament_cmake/cmake)
[0.098s] -- Found rclcpp: 16.0.14 (/opt/ros/humble/share/rclcpp/cmake)
[0.120s] -- Found rosidl_generator_c: 3.1.7 (/opt/ros/humble/share/rosidl_generator_c/cmake)
[0.121s] -- Found rosidl_adapter: 3.1.7 (/opt/ros/humble/share/rosidl_adapter/cmake)
[0.127s] -- Found rosidl_generator_cpp: 3.1.7 (/opt/ros/humble/share/rosidl_generator_cpp/cmake)
[0.130s] -- Using all available rosidl_typesupport_c: rosidl_typesupport_fastrtps_c;rosidl_typesupport_introspection_c
[0.137s] -- Using all available rosidl_typesupport_cpp: rosidl_typesupport_fastrtps_cpp;rosidl_typesupport_introspection_cpp
[0.153s] -- Found rmw_implementation_cmake: 6.1.2 (/opt/ros/humble/share/rmw_implementation_cmake/cmake)
[0.153s] -- Found rmw_fastrtps_cpp: 6.2.8 (/opt/ros/humble/share/rmw_fastrtps_cpp/cmake)
[0.202s] -- Using RMW implementation 'rmw_fastrtps_cpp' as default
[0.223s] -- Found tf2_geometry_msgs: 0.25.15 (/opt/ros/humble/share/tf2_geometry_msgs/cmake)
[0.231s] -- Found eigen3_cmake_module: 0.1.1 (/opt/ros/humble/share/eigen3_cmake_module/cmake)
[0.231s] -- Ensuring Eigen3 include directory is part of orocos-kdl CMake target
[0.273s] -- Found ament_lint_auto: 0.12.14 (/opt/ros/humble/share/ament_lint_auto/cmake)
[0.309s] -- Added test 'cppcheck' to perform static code analysis on C / C++ code
[0.310s] -- Configured cppcheck include dirs: 
[0.310s] -- Configured cppcheck exclude dirs and/or files: 
[0.310s] -- Added test 'lint_cmake' to check CMake code style
[0.310s] -- Added test 'uncrustify' to check C / C++ code style
[0.310s] -- Configured uncrustify additional arguments: 
[0.311s] -- Added test 'xmllint' to check XML markup files
[0.311s] -- Configuring done
[0.321s] -- Generating done
[0.325s] -- Build files have been written to: /home/nkh/ROS2/CHAPT5/build/demo_cpp_tf
[0.342s] [35m[1mConsolidate compiler generated dependencies of target dynamic_tf_boardcaster[0m
[0.342s] [35m[1mConsolidate compiler generated dependencies of target static_tf_boardcaster[0m
[0.345s] [ 16%] [32mBuilding CXX object CMakeFiles/tf_listener.dir/src/tf_listener.cpp.o[0m
[0.351s] [ 50%] Built target dynamic_tf_boardcaster
[0.351s] [ 83%] Built target static_tf_boardcaster
[1.678s] [01m[K/home/nkh/ROS2/CHAPT5/src/demo_cpp_tf/src/tf_listener.cpp:[m[K In function â€˜[01m[Kint main(int, char**)[m[Kâ€™:
[1.678s] [01m[K/home/nkh/ROS2/CHAPT5/src/demo_cpp_tf/src/tf_listener.cpp:70:33:[m[K [01;31m[Kerror: [m[Kâ€˜[01m[KTFBoardcaster[m[Kâ€™ was not declared in this scope
[1.678s]    70 |     auto node =std::make_shared<[01;31m[KTFBoardcaster[m[K>();
[1.678s]       |                                 [01;31m[K^~~~~~~~~~~~~[m[K
[1.678s] [01m[K/home/nkh/ROS2/CHAPT5/src/demo_cpp_tf/src/tf_listener.cpp:70:47:[m[K [01;31m[Kerror: [m[Kno matching function for call to â€˜[01m[Kmake_shared<<expression error> >()[m[Kâ€™
[1.678s]    70 |     auto node =[01;31m[Kstd::make_shared<TFBoardcaster>()[m[K;
[1.678s]       |                [01;31m[K~~~~~~~~~~~~~~~~~~~~~~~~~~~~~~~^~[m[K
[1.678s] In file included from [01m[K/usr/include/c++/11/memory:77[m[K,
[1.678s]                  from [01m[K/home/nkh/ROS2/CHAPT5/src/demo_cpp_tf/src/tf_listener.cpp:1[m[K:
[1.678s] [01m[K/usr/include/c++/11/bits/shared_ptr.h:875:5:[m[K [01;36m[Knote: [m[Kcandidate: â€˜[01m[Ktemplate<class _Tp, class ... _Args> std::shared_ptr<_Tp> std::make_shared(_Args&& ...)[m[Kâ€™
[1.678s]   875 |     [01;36m[Kmake_shared[m[K(_Args&&... __args)
[1.678s]       |     [01;36m[K^~~~~~~~~~~[m[K
[1.678s] [01m[K/usr/include/c++/11/bits/shared_ptr.h:875:5:[m[K [01;36m[Knote: [m[K  template argument deduction/substitution failed:
[1.678s] [01m[K/home/nkh/ROS2/CHAPT5/src/demo_cpp_tf/src/tf_listener.cpp:70:47:[m[K [01;31m[Kerror: [m[Ktemplate argument 1 is invalid
[1.678s]    70 |     auto node =[01;31m[Kstd::make_shared<TFBoardcaster>()[m[K;
[1.678s]       |                [01;31m[K~~~~~~~~~~~~~~~~~~~~~~~~~~~~~~~^~[m[K
[2.970s] gmake[2]: *** [CMakeFiles/tf_listener.dir/build.make:76ï¼šCMakeFiles/tf_listener.dir/src/tf_listener.cpp.o] é”™è¯¯ 1
[2.970s] gmake[1]: *** [CMakeFiles/Makefile2:193ï¼šCMakeFiles/tf_listener.dir/all] é”™è¯¯ 2
[2.970s] gmake: *** [Makefile:146ï¼šall] é”™è¯¯ 2
[2.973s] Invoked command in '/home/nkh/ROS2/CHAPT5/build/demo_cpp_tf' returned '2': CMAKE_PREFIX_PATH=/opt/ros/humble /usr/bin/cmake --build /home/nkh/ROS2/CHAPT5/build/demo_cpp_tf -- -j8 -l8
