[0.007s] Invoking command in '/home/nkh/ROS2/CHAPT4/build/chapt4_interfaces': CMAKE_PREFIX_PATH=/opt/ros/humble /usr/bin/cmake --build /home/nkh/ROS2/CHAPT4/build/chapt4_interfaces -- -j8 -l8
[0.031s] -- Found ament_cmake: 1.3.12 (/opt/ros/humble/share/ament_cmake/cmake)
[0.124s] -- Found sensor_msgs: 4.9.0 (/opt/ros/humble/share/sensor_msgs/cmake)
[0.155s] -- Found rosidl_generator_c: 3.1.7 (/opt/ros/humble/share/rosidl_generator_c/cmake)
[0.159s] -- Found rosidl_adapter: 3.1.7 (/opt/ros/humble/share/rosidl_adapter/cmake)
[0.166s] -- Found rosidl_generator_cpp: 3.1.7 (/opt/ros/humble/share/rosidl_generator_cpp/cmake)
[0.177s] -- Using all available rosidl_typesupport_c: rosidl_typesupport_fastrtps_c;rosidl_typesupport_introspection_c
[0.191s] -- Using all available rosidl_typesupport_cpp: rosidl_typesupport_fastrtps_cpp;rosidl_typesupport_introspection_cpp
[0.244s] -- Found rosidl_default_generators: 1.2.0 (/opt/ros/humble/share/rosidl_default_generators/cmake)
[0.345s] [31mCMake Error at /opt/ros/humble/share/rosidl_adapter/cmake/rosidl_adapt_interfaces.cmake:59 (message):
[0.345s]   execute_process(/usr/bin/python3 -m rosidl_adapter --package-name
[0.345s]   chapt4_interfaces --arguments-file
[0.345s]   /home/nkh/ROS2/CHAPT4/build/chapt4_interfaces/rosidl_adapter__arguments__chapt4_interfaces.json
[0.345s]   --output-dir
[0.345s]   /home/nkh/ROS2/CHAPT4/build/chapt4_interfaces/rosidl_adapter/chapt4_interfaces
[0.346s]   --output-file
[0.346s]   /home/nkh/ROS2/CHAPT4/build/chapt4_interfaces/rosidl_adapter/chapt4_interfaces.idls)
[0.346s]   returned error code 1:
[0.346s] 
[0.346s]   Traceback (most recent call last):
[0.346s] 
[0.346s]     File "/usr/lib/python3.10/runpy.py", line 196, in _run_module_as_main
[0.346s]       return _run_code(code, main_globals, None,
[0.346s]     File "/usr/lib/python3.10/runpy.py", line 86, in _run_code
[0.346s]       exec(code, run_globals)
[0.346s]     File "/opt/ros/humble/local/lib/python3.10/dist-packages/rosidl_adapter/__main__.py", line 19, in <module>
[0.346s]       sys.exit(main())
[0.346s]     File "/opt/ros/humble/local/lib/python3.10/dist-packages/rosidl_adapter/main.py", line 53, in main
[0.346s] -- Configuring incomplete, errors occurred!
[0.346s] See also "/home/nkh/ROS2/CHAPT4/build/chapt4_interfaces/CMakeFiles/CMakeOutput.log".
[0.346s]       abs_idl_file = convert_to_idl(
[0.346s]     File "/opt/ros/humble/local/lib/python3.10/dist-packages/rosidl_adapter/__init__.py", line 24, in convert_to_idl
[0.346s]       return convert_srv_to_idl(
[0.346s]     File "/opt/ros/humble/local/lib/python3.10/dist-packages/rosidl_adapter/srv/__init__.py", line 28, in convert_srv_to_idl
[0.346s]       srv = parse_service_string(package_name, input_file.stem, content)
[0.346s]     File "/opt/ros/humble/local/lib/python3.10/dist-packages/rosidl_adapter/parser.py", line 850, in parse_service_string
[0.347s]       raise InvalidServiceSpecification(
[0.347s] 
[0.347s]   rosidl_adapter.parser.InvalidServiceSpecification: Could not find separator
[0.347s]   '---' between request and response
[0.347s] 
[0.347s] Call Stack (most recent call first):
[0.347s]   /opt/ros/humble/share/rosidl_cmake/cmake/rosidl_generate_interfaces.cmake:130 (rosidl_adapt_interfaces)
[0.347s]   CMakeLists.txt:13 (rosidl_generate_interfaces)
[0.347s] 
[0.347s] [0m
[0.350s] gmake: *** [Makefile:747ï¼šcmake_check_build_system] é”™è¯¯ 1
[0.351s] Invoked command in '/home/nkh/ROS2/CHAPT4/build/chapt4_interfaces' returned '2': CMAKE_PREFIX_PATH=/opt/ros/humble /usr/bin/cmake --build /home/nkh/ROS2/CHAPT4/build/chapt4_interfaces -- -j8 -l8
