[0.008s] Invoking command in '/home/nkh/ROS2/CHAPT4/build/demo_cpp_service': AMENT_PREFIX_PATH=/home/nkh/ROS2/CHAPT4/install/chapt4_interfaces:${AMENT_PREFIX_PATH} CMAKE_PREFIX_PATH=/home/nkh/ROS2/CHAPT4/install/chapt4_interfaces:/opt/ros/humble LD_LIBRARY_PATH=/home/nkh/ROS2/CHAPT4/install/chapt4_interfaces/lib:${LD_LIBRARY_PATH} PYTHONPATH=/home/nkh/ROS2/CHAPT4/install/chapt4_interfaces/local/lib/python3.10/dist-packages:${PYTHONPATH} /usr/bin/cmake --build /home/nkh/ROS2/CHAPT4/build/demo_cpp_service -- -j8 -l8
[0.050s] [35m[1mConsolidate compiler generated dependencies of target turtle_control[0m
[0.055s] [ 25%] [32mBuilding CXX object CMakeFiles/partol_client.dir/src/partol_client.cpp.o[0m
[0.057s] [ 75%] Built target turtle_control
[1.269s] [01m[K/home/nkh/ROS2/CHAPT4/src/demo_cpp_service/src/partol_client.cpp:[m[K In member function â€˜[01m[Krcl_interfaces::srv::SetParameters_Response_<std::allocator<void> >::SharedPtr PartolControlNode::call_set_parameters(const Parameter&)[m[Kâ€™:
[1.269s] [01m[K/home/nkh/ROS2/CHAPT4/src/demo_cpp_service/src/partol_client.cpp:67:21:[m[K [01;31m[Kerror: [m[Kreturn-statement with no value, in function returning â€˜[01m[Krcl_interfaces::srv::SetParameters_Response_<std::allocator<void> >::SharedPtr[m[Kâ€™ {aka â€˜[01m[Kstd::shared_ptr<rcl_interfaces::srv::SetParameters_Response_<std::allocator<void> > >[m[Kâ€™} [[01;31m[K]8;;https://gcc.gnu.org/onlinedocs/gcc/Warning-Options.html#index-fpermissive-fpermissive]8;;[m[K]
[1.269s]    67 |                     [01;31m[Kreturn[m[K;
[1.269s]       |                     [01;31m[K^~~~~~[m[K
[1.686s] gmake[2]: *** [CMakeFiles/partol_client.dir/build.make:76ï¼šCMakeFiles/partol_client.dir/src/partol_client.cpp.o] é”™è¯¯ 1
[1.686s] gmake[1]: *** [CMakeFiles/Makefile2:165ï¼šCMakeFiles/partol_client.dir/all] é”™è¯¯ 2
[1.686s] gmake: *** [Makefile:146ï¼šall] é”™è¯¯ 2
[1.689s] Invoked command in '/home/nkh/ROS2/CHAPT4/build/demo_cpp_service' returned '2': AMENT_PREFIX_PATH=/home/nkh/ROS2/CHAPT4/install/chapt4_interfaces:${AMENT_PREFIX_PATH} CMAKE_PREFIX_PATH=/home/nkh/ROS2/CHAPT4/install/chapt4_interfaces:/opt/ros/humble LD_LIBRARY_PATH=/home/nkh/ROS2/CHAPT4/install/chapt4_interfaces/lib:${LD_LIBRARY_PATH} PYTHONPATH=/home/nkh/ROS2/CHAPT4/install/chapt4_interfaces/local/lib/python3.10/dist-packages:${PYTHONPATH} /usr/bin/cmake --build /home/nkh/ROS2/CHAPT4/build/demo_cpp_service -- -j8 -l8
