[0.009s] Invoking command in '/home/nkh/ROS2/CHAPT2/cpp_1/chapt2_ws/build/demo_cpp_pkg': CMAKE_PREFIX_PATH=${CMAKE_PREFIX_PATH}:/opt/ros/humble /usr/bin/cmake --build /home/nkh/ROS2/CHAPT2/cpp_1/chapt2_ws/build/demo_cpp_pkg -- -j8 -l8
[0.054s] [ 14%] Built target learn_shared_ptr
[0.054s] [ 28%] Built target learn_lambda
[0.055s] [ 42%] Built target learn_auto
[0.055s] [ 57%] [32mBuilding CXX object CMakeFiles/learn_thread.dir/src/learn_thread.cpp.o[0m
[0.055s] [ 64%] Built target cpp_node
[0.055s] [ 78%] Built target learn_functional
[0.056s] [ 92%] Built target person_node
[0.089s] [01m[K/home/nkh/ROS2/CHAPT2/cpp_1/chapt2_ws/src/demo_cpp_pkg/src/learn_thread.cpp:5:10:[m[K [01;31m[Kfatal error: [m[Kcpp-httplib: æ²¡æœ‰é‚£ä¸ªæ–‡ä»¶æˆ–ç›®å½•
[0.089s]     5 | #include [01;31m[K<cpp-httplib>[m[K //ä¸‹è½½ç›¸å…³
[0.089s]       |          [01;31m[K^~~~~~~~~~~~~[m[K
[0.089s] compilation terminated.
[0.090s] gmake[2]: *** [CMakeFiles/learn_thread.dir/build.make:76ï¼šCMakeFiles/learn_thread.dir/src/learn_thread.cpp.o] é”™è¯¯ 1
[0.091s] gmake[1]: *** [CMakeFiles/Makefile2:305ï¼šCMakeFiles/learn_thread.dir/all] é”™è¯¯ 2
[0.091s] gmake: *** [Makefile:146ï¼šall] é”™è¯¯ 2
[0.093s] Invoked command in '/home/nkh/ROS2/CHAPT2/cpp_1/chapt2_ws/build/demo_cpp_pkg' returned '2': CMAKE_PREFIX_PATH=${CMAKE_PREFIX_PATH}:/opt/ros/humble /usr/bin/cmake --build /home/nkh/ROS2/CHAPT2/cpp_1/chapt2_ws/build/demo_cpp_pkg -- -j8 -l8
